mode: set
github.com/adrianolaselva/dataql/main.go:9.13,10.44 1 0
github.com/adrianolaselva/dataql/main.go:10.44,13.3 2 0
github.com/adrianolaselva/dataql/cmd/main.go:23.20,25.48 2 0
github.com/adrianolaselva/dataql/cmd/main.go:25.48,27.3 1 0
github.com/adrianolaselva/dataql/cmd/main.go:29.2,41.31 2 0
github.com/adrianolaselva/dataql/cmd/main.go:44.35,46.16 2 0
github.com/adrianolaselva/dataql/cmd/main.go:46.16,48.3 1 0
github.com/adrianolaselva/dataql/cmd/main.go:50.2,52.44 2 0
github.com/adrianolaselva/dataql/cmd/main.go:52.44,54.3 1 0
github.com/adrianolaselva/dataql/cmd/main.go:56.2,56.12 1 0
github.com/adrianolaselva/dataql/internal/dataql/dataql.go:42.41,44.16 2 0
github.com/adrianolaselva/dataql/internal/dataql/dataql.go:44.16,46.3 1 0
github.com/adrianolaselva/dataql/internal/dataql/dataql.go:48.2,64.93 3 0
github.com/adrianolaselva/dataql/internal/dataql/dataql.go:68.30,69.43 1 0
github.com/adrianolaselva/dataql/internal/dataql/dataql.go:69.43,71.3 1 0
github.com/adrianolaselva/dataql/internal/dataql/dataql.go:73.2,73.47 1 0
github.com/adrianolaselva/dataql/internal/dataql/dataql.go:73.47,75.3 1 0
github.com/adrianolaselva/dataql/internal/dataql/dataql.go:76.2,76.50 1 0
github.com/adrianolaselva/dataql/internal/dataql/dataql.go:76.50,78.3 1 0
github.com/adrianolaselva/dataql/internal/dataql/dataql.go:80.2,81.16 2 0
github.com/adrianolaselva/dataql/internal/dataql/dataql.go:81.16,83.3 1 0
github.com/adrianolaselva/dataql/internal/dataql/dataql.go:85.2,85.44 1 0
github.com/adrianolaselva/dataql/internal/dataql/dataql.go:85.44,87.3 1 0
github.com/adrianolaselva/dataql/internal/dataql/dataql.go:89.2,89.20 1 0
github.com/adrianolaselva/dataql/internal/dataql/dataql.go:93.34,94.9 1 0
github.com/adrianolaselva/dataql/internal/dataql/dataql.go:95.53,96.40 1 0
github.com/adrianolaselva/dataql/internal/dataql/dataql.go:97.53,98.49 1 0
github.com/adrianolaselva/dataql/internal/dataql/dataql.go:99.10,100.46 1 0
github.com/adrianolaselva/dataql/internal/dataql/dataql.go:100.46,102.4 1 0
github.com/adrianolaselva/dataql/internal/dataql/dataql.go:105.2,105.12 1 0
github.com/adrianolaselva/dataql/internal/dataql/dataql.go:109.32,110.50 1 0
github.com/adrianolaselva/dataql/internal/dataql/dataql.go:110.50,112.3 1 0
github.com/adrianolaselva/dataql/internal/dataql/dataql.go:114.2,114.12 1 0
github.com/adrianolaselva/dataql/internal/dataql/dataql.go:117.43,122.72 1 0
github.com/adrianolaselva/dataql/internal/dataql/dataql.go:122.72,124.4 1 0
github.com/adrianolaselva/dataql/internal/dataql/dataql.go:126.2,126.16 1 0
github.com/adrianolaselva/dataql/internal/dataql/dataql.go:126.16,128.3 1 0
github.com/adrianolaselva/dataql/internal/dataql/dataql.go:130.2,130.35 1 0
github.com/adrianolaselva/dataql/internal/dataql/dataql.go:130.35,132.3 1 0
github.com/adrianolaselva/dataql/internal/dataql/dataql.go:134.2,136.6 2 0
github.com/adrianolaselva/dataql/internal/dataql/dataql.go:136.6,138.44 2 0
github.com/adrianolaselva/dataql/internal/dataql/dataql.go:138.44,139.22 1 0
github.com/adrianolaselva/dataql/internal/dataql/dataql.go:139.22,140.10 1 0
github.com/adrianolaselva/dataql/internal/dataql/dataql.go:143.4,143.12 1 0
github.com/adrianolaselva/dataql/internal/dataql/dataql.go:146.3,146.29 1 0
github.com/adrianolaselva/dataql/internal/dataql/dataql.go:146.29,147.9 1 0
github.com/adrianolaselva/dataql/internal/dataql/dataql.go:150.3,151.46 2 0
github.com/adrianolaselva/dataql/internal/dataql/dataql.go:151.46,153.4 1 0
github.com/adrianolaselva/dataql/internal/dataql/dataql.go:156.2,156.12 1 0
github.com/adrianolaselva/dataql/internal/dataql/dataql.go:160.59,163.43 3 0
github.com/adrianolaselva/dataql/internal/dataql/dataql.go:163.43,165.3 1 0
github.com/adrianolaselva/dataql/internal/dataql/dataql.go:167.2,168.16 2 0
github.com/adrianolaselva/dataql/internal/dataql/dataql.go:168.16,170.3 1 0
github.com/adrianolaselva/dataql/internal/dataql/dataql.go:171.2,171.29 1 0
github.com/adrianolaselva/dataql/internal/dataql/dataql.go:171.29,173.3 1 0
github.com/adrianolaselva/dataql/internal/dataql/dataql.go:175.2,176.16 2 0
github.com/adrianolaselva/dataql/internal/dataql/dataql.go:176.16,178.3 1 0
github.com/adrianolaselva/dataql/internal/dataql/dataql.go:180.2,180.40 1 0
github.com/adrianolaselva/dataql/internal/dataql/dataql.go:180.40,182.3 1 0
github.com/adrianolaselva/dataql/internal/dataql/dataql.go:184.2,188.12 3 0
github.com/adrianolaselva/dataql/internal/dataql/dataql.go:191.50,193.16 2 0
github.com/adrianolaselva/dataql/internal/dataql/dataql.go:193.16,195.3 1 0
github.com/adrianolaselva/dataql/internal/dataql/dataql.go:196.2,196.29 1 0
github.com/adrianolaselva/dataql/internal/dataql/dataql.go:196.29,198.3 1 0
github.com/adrianolaselva/dataql/internal/dataql/dataql.go:200.2,200.28 1 0
github.com/adrianolaselva/dataql/internal/dataql/dataql.go:203.52,205.16 2 0
github.com/adrianolaselva/dataql/internal/dataql/dataql.go:205.16,207.3 1 0
github.com/adrianolaselva/dataql/internal/dataql/dataql.go:209.2,210.28 2 0
github.com/adrianolaselva/dataql/internal/dataql/dataql.go:210.28,212.3 1 0
github.com/adrianolaselva/dataql/internal/dataql/dataql.go:214.2,219.18 2 0
github.com/adrianolaselva/dataql/internal/dataql/dataql.go:219.18,222.25 3 0
github.com/adrianolaselva/dataql/internal/dataql/dataql.go:222.25,224.4 1 0
github.com/adrianolaselva/dataql/internal/dataql/dataql.go:226.3,226.48 1 0
github.com/adrianolaselva/dataql/internal/dataql/dataql.go:226.48,228.4 1 0
github.com/adrianolaselva/dataql/internal/dataql/dataql.go:230.3,230.24 1 0
github.com/adrianolaselva/dataql/internal/dataql/dataql.go:233.2,236.12 3 0
github.com/adrianolaselva/dataql/internal/exportdata/export.go:17.127,18.20 1 0
github.com/adrianolaselva/dataql/internal/exportdata/export.go:19.25,20.54 1 0
github.com/adrianolaselva/dataql/internal/exportdata/export.go:21.26,22.58 1 0
github.com/adrianolaselva/dataql/internal/exportdata/export.go:25.2,25.66 1 0
github.com/adrianolaselva/dataql/cmd/dataqlctl/dataqlctl.go:40.22,42.2 1 1
github.com/adrianolaselva/dataql/cmd/dataqlctl/dataqlctl.go:45.55,86.70 10 1
github.com/adrianolaselva/dataql/cmd/dataqlctl/dataqlctl.go:86.70,88.3 1 0
github.com/adrianolaselva/dataql/cmd/dataqlctl/dataqlctl.go:90.2,90.50 1 1
github.com/adrianolaselva/dataql/cmd/dataqlctl/dataqlctl.go:90.50,92.3 1 0
github.com/adrianolaselva/dataql/cmd/dataqlctl/dataqlctl.go:94.2,94.21 1 1
github.com/adrianolaselva/dataql/cmd/dataqlctl/dataqlctl.go:97.64,100.16 3 1
github.com/adrianolaselva/dataql/cmd/dataqlctl/dataqlctl.go:100.16,102.3 1 0
github.com/adrianolaselva/dataql/cmd/dataqlctl/dataqlctl.go:103.2,103.32 1 1
github.com/adrianolaselva/dataql/cmd/dataqlctl/dataqlctl.go:103.32,105.3 1 1
github.com/adrianolaselva/dataql/cmd/dataqlctl/dataqlctl.go:107.2,107.34 1 1
github.com/adrianolaselva/dataql/cmd/dataqlctl/dataqlctl.go:107.34,109.3 1 0
github.com/adrianolaselva/dataql/cmd/dataqlctl/dataqlctl.go:111.2,111.12 1 1
github.com/adrianolaselva/dataql/internal/dataql/dataql.go:42.41,44.16 2 1
github.com/adrianolaselva/dataql/internal/dataql/dataql.go:44.16,46.3 1 0
github.com/adrianolaselva/dataql/internal/dataql/dataql.go:48.2,64.93 3 1
github.com/adrianolaselva/dataql/internal/dataql/dataql.go:68.30,69.43 1 1
github.com/adrianolaselva/dataql/internal/dataql/dataql.go:69.43,71.3 1 1
github.com/adrianolaselva/dataql/internal/dataql/dataql.go:73.2,73.47 1 1
github.com/adrianolaselva/dataql/internal/dataql/dataql.go:73.47,75.3 1 0
github.com/adrianolaselva/dataql/internal/dataql/dataql.go:76.2,76.50 1 1
github.com/adrianolaselva/dataql/internal/dataql/dataql.go:76.50,78.3 1 1
github.com/adrianolaselva/dataql/internal/dataql/dataql.go:80.2,81.16 2 1
github.com/adrianolaselva/dataql/internal/dataql/dataql.go:81.16,83.3 1 0
github.com/adrianolaselva/dataql/internal/dataql/dataql.go:85.2,85.44 1 1
github.com/adrianolaselva/dataql/internal/dataql/dataql.go:85.44,87.3 1 0
github.com/adrianolaselva/dataql/internal/dataql/dataql.go:89.2,89.20 1 1
github.com/adrianolaselva/dataql/internal/dataql/dataql.go:93.34,94.9 1 1
github.com/adrianolaselva/dataql/internal/dataql/dataql.go:95.53,96.40 1 0
github.com/adrianolaselva/dataql/internal/dataql/dataql.go:97.53,98.49 1 0
github.com/adrianolaselva/dataql/internal/dataql/dataql.go:99.10,100.46 1 1
github.com/adrianolaselva/dataql/internal/dataql/dataql.go:100.46,102.4 1 0
github.com/adrianolaselva/dataql/internal/dataql/dataql.go:105.2,105.12 1 1
github.com/adrianolaselva/dataql/internal/dataql/dataql.go:109.32,110.50 1 1
github.com/adrianolaselva/dataql/internal/dataql/dataql.go:110.50,112.3 1 1
github.com/adrianolaselva/dataql/internal/dataql/dataql.go:114.2,114.12 1 1
github.com/adrianolaselva/dataql/internal/dataql/dataql.go:117.43,122.72 1 1
github.com/adrianolaselva/dataql/internal/dataql/dataql.go:122.72,124.4 1 0
github.com/adrianolaselva/dataql/internal/dataql/dataql.go:126.2,126.16 1 1
github.com/adrianolaselva/dataql/internal/dataql/dataql.go:126.16,128.3 1 0
github.com/adrianolaselva/dataql/internal/dataql/dataql.go:130.2,130.35 1 1
github.com/adrianolaselva/dataql/internal/dataql/dataql.go:130.35,132.3 1 1
github.com/adrianolaselva/dataql/internal/dataql/dataql.go:134.2,136.6 2 1
github.com/adrianolaselva/dataql/internal/dataql/dataql.go:136.6,138.44 2 1
github.com/adrianolaselva/dataql/internal/dataql/dataql.go:138.44,139.22 1 0
github.com/adrianolaselva/dataql/internal/dataql/dataql.go:139.22,140.10 1 0
github.com/adrianolaselva/dataql/internal/dataql/dataql.go:143.4,143.12 1 0
github.com/adrianolaselva/dataql/internal/dataql/dataql.go:146.3,146.29 1 1
github.com/adrianolaselva/dataql/internal/dataql/dataql.go:146.29,147.9 1 1
github.com/adrianolaselva/dataql/internal/dataql/dataql.go:150.3,151.46 2 0
github.com/adrianolaselva/dataql/internal/dataql/dataql.go:151.46,153.4 1 0
github.com/adrianolaselva/dataql/internal/dataql/dataql.go:156.2,156.12 1 1
github.com/adrianolaselva/dataql/internal/dataql/dataql.go:160.59,163.43 3 0
github.com/adrianolaselva/dataql/internal/dataql/dataql.go:163.43,165.3 1 0
github.com/adrianolaselva/dataql/internal/dataql/dataql.go:167.2,168.16 2 0
github.com/adrianolaselva/dataql/internal/dataql/dataql.go:168.16,170.3 1 0
github.com/adrianolaselva/dataql/internal/dataql/dataql.go:171.2,171.29 1 0
github.com/adrianolaselva/dataql/internal/dataql/dataql.go:171.29,173.3 1 0
github.com/adrianolaselva/dataql/internal/dataql/dataql.go:175.2,176.16 2 0
github.com/adrianolaselva/dataql/internal/dataql/dataql.go:176.16,178.3 1 0
github.com/adrianolaselva/dataql/internal/dataql/dataql.go:180.2,180.40 1 0
github.com/adrianolaselva/dataql/internal/dataql/dataql.go:180.40,182.3 1 0
github.com/adrianolaselva/dataql/internal/dataql/dataql.go:184.2,188.12 3 0
github.com/adrianolaselva/dataql/internal/dataql/dataql.go:191.50,193.16 2 0
github.com/adrianolaselva/dataql/internal/dataql/dataql.go:193.16,195.3 1 0
github.com/adrianolaselva/dataql/internal/dataql/dataql.go:196.2,196.29 1 0
github.com/adrianolaselva/dataql/internal/dataql/dataql.go:196.29,198.3 1 0
github.com/adrianolaselva/dataql/internal/dataql/dataql.go:200.2,200.28 1 0
github.com/adrianolaselva/dataql/internal/dataql/dataql.go:203.52,205.16 2 1
github.com/adrianolaselva/dataql/internal/dataql/dataql.go:205.16,207.3 1 0
github.com/adrianolaselva/dataql/internal/dataql/dataql.go:209.2,210.28 2 1
github.com/adrianolaselva/dataql/internal/dataql/dataql.go:210.28,212.3 1 1
github.com/adrianolaselva/dataql/internal/dataql/dataql.go:214.2,219.18 2 1
github.com/adrianolaselva/dataql/internal/dataql/dataql.go:219.18,222.25 3 1
github.com/adrianolaselva/dataql/internal/dataql/dataql.go:222.25,224.4 1 1
github.com/adrianolaselva/dataql/internal/dataql/dataql.go:226.3,226.48 1 1
github.com/adrianolaselva/dataql/internal/dataql/dataql.go:226.48,228.4 1 0
github.com/adrianolaselva/dataql/internal/dataql/dataql.go:230.3,230.24 1 1
github.com/adrianolaselva/dataql/internal/dataql/dataql.go:233.2,236.12 3 1
github.com/adrianolaselva/dataql/internal/exportdata/export.go:17.127,18.20 1 0
github.com/adrianolaselva/dataql/internal/exportdata/export.go:19.25,20.54 1 0
github.com/adrianolaselva/dataql/internal/exportdata/export.go:21.26,22.58 1 0
github.com/adrianolaselva/dataql/internal/exportdata/export.go:25.2,25.66 1 0
github.com/adrianolaselva/dataql/pkg/exportdata/csv/export.go:25.102,27.2 1 1
github.com/adrianolaselva/dataql/pkg/exportdata/csv/export.go:30.36,31.40 1 1
github.com/adrianolaselva/dataql/pkg/exportdata/csv/export.go:31.40,33.3 1 0
github.com/adrianolaselva/dataql/pkg/exportdata/csv/export.go:35.2,35.37 1 1
github.com/adrianolaselva/dataql/pkg/exportdata/csv/export.go:35.37,37.3 1 0
github.com/adrianolaselva/dataql/pkg/exportdata/csv/export.go:39.2,42.43 3 1
github.com/adrianolaselva/dataql/pkg/exportdata/csv/export.go:42.43,44.3 1 0
github.com/adrianolaselva/dataql/pkg/exportdata/csv/export.go:46.2,46.20 1 1
github.com/adrianolaselva/dataql/pkg/exportdata/csv/export.go:46.20,48.48 2 1
github.com/adrianolaselva/dataql/pkg/exportdata/csv/export.go:48.48,50.4 1 0
github.com/adrianolaselva/dataql/pkg/exportdata/csv/export.go:53.2,53.12 1 1
github.com/adrianolaselva/dataql/pkg/exportdata/csv/export.go:57.60,60.24 3 1
github.com/adrianolaselva/dataql/pkg/exportdata/csv/export.go:60.24,62.3 1 1
github.com/adrianolaselva/dataql/pkg/exportdata/csv/export.go:64.2,64.49 1 1
github.com/adrianolaselva/dataql/pkg/exportdata/csv/export.go:64.49,66.3 1 0
github.com/adrianolaselva/dataql/pkg/exportdata/csv/export.go:68.2,68.64 1 1
github.com/adrianolaselva/dataql/pkg/exportdata/csv/export.go:68.64,70.3 1 0
github.com/adrianolaselva/dataql/pkg/exportdata/csv/export.go:72.2,72.12 1 1
github.com/adrianolaselva/dataql/pkg/exportdata/csv/export.go:76.74,78.28 2 1
github.com/adrianolaselva/dataql/pkg/exportdata/csv/export.go:78.28,80.3 1 1
github.com/adrianolaselva/dataql/pkg/exportdata/csv/export.go:82.2,82.15 1 1
github.com/adrianolaselva/dataql/pkg/exportdata/csv/export.go:86.35,87.28 1 1
github.com/adrianolaselva/dataql/pkg/exportdata/csv/export.go:87.28,89.3 1 1
github.com/adrianolaselva/dataql/pkg/exportdata/csv/export.go:91.2,91.12 1 1
github.com/adrianolaselva/dataql/pkg/exportdata/csv/export.go:95.38,96.58 1 1
github.com/adrianolaselva/dataql/pkg/exportdata/csv/export.go:96.58,98.17 2 1
github.com/adrianolaselva/dataql/pkg/exportdata/csv/export.go:98.17,100.4 1 0
github.com/adrianolaselva/dataql/pkg/exportdata/csv/export.go:103.2,103.77 1 1
github.com/adrianolaselva/dataql/pkg/exportdata/csv/export.go:103.77,105.3 1 0
github.com/adrianolaselva/dataql/pkg/exportdata/csv/export.go:107.2,108.16 2 1
github.com/adrianolaselva/dataql/pkg/exportdata/csv/export.go:108.16,110.3 1 0
github.com/adrianolaselva/dataql/pkg/exportdata/csv/export.go:112.2,114.12 2 1
github.com/adrianolaselva/dataql/pkg/exportdata/csv/export.go:118.41,120.16 2 1
github.com/adrianolaselva/dataql/pkg/exportdata/csv/export.go:120.16,122.3 1 0
github.com/adrianolaselva/dataql/pkg/exportdata/csv/export.go:124.2,126.12 2 1
github.com/adrianolaselva/dataql/pkg/exportdata/jsonl/export.go:26.104,28.2 1 1
github.com/adrianolaselva/dataql/pkg/exportdata/jsonl/export.go:31.38,32.40 1 1
github.com/adrianolaselva/dataql/pkg/exportdata/jsonl/export.go:32.40,34.3 1 0
github.com/adrianolaselva/dataql/pkg/exportdata/jsonl/export.go:36.2,36.37 1 1
github.com/adrianolaselva/dataql/pkg/exportdata/jsonl/export.go:36.37,38.3 1 0
github.com/adrianolaselva/dataql/pkg/exportdata/jsonl/export.go:40.2,40.20 1 1
github.com/adrianolaselva/dataql/pkg/exportdata/jsonl/export.go:40.20,42.47 2 1
github.com/adrianolaselva/dataql/pkg/exportdata/jsonl/export.go:42.47,44.4 1 0
github.com/adrianolaselva/dataql/pkg/exportdata/jsonl/export.go:47.2,47.12 1 1
github.com/adrianolaselva/dataql/pkg/exportdata/jsonl/export.go:51.37,52.28 1 1
github.com/adrianolaselva/dataql/pkg/exportdata/jsonl/export.go:52.28,54.3 1 1
github.com/adrianolaselva/dataql/pkg/exportdata/jsonl/export.go:56.2,56.12 1 1
github.com/adrianolaselva/dataql/pkg/exportdata/jsonl/export.go:60.49,63.24 3 1
github.com/adrianolaselva/dataql/pkg/exportdata/jsonl/export.go:63.24,65.3 1 1
github.com/adrianolaselva/dataql/pkg/exportdata/jsonl/export.go:67.2,67.49 1 1
github.com/adrianolaselva/dataql/pkg/exportdata/jsonl/export.go:67.49,69.3 1 0
github.com/adrianolaselva/dataql/pkg/exportdata/jsonl/export.go:71.2,72.30 2 1
github.com/adrianolaselva/dataql/pkg/exportdata/jsonl/export.go:72.30,74.3 1 1
github.com/adrianolaselva/dataql/pkg/exportdata/jsonl/export.go:76.2,77.16 2 1
github.com/adrianolaselva/dataql/pkg/exportdata/jsonl/export.go:77.16,79.3 1 0
github.com/adrianolaselva/dataql/pkg/exportdata/jsonl/export.go:81.2,82.54 2 1
github.com/adrianolaselva/dataql/pkg/exportdata/jsonl/export.go:82.54,84.3 1 0
github.com/adrianolaselva/dataql/pkg/exportdata/jsonl/export.go:86.2,86.84 1 1
github.com/adrianolaselva/dataql/pkg/exportdata/jsonl/export.go:86.84,88.3 1 0
github.com/adrianolaselva/dataql/pkg/exportdata/jsonl/export.go:90.2,90.12 1 1
github.com/adrianolaselva/dataql/pkg/exportdata/jsonl/export.go:94.40,95.58 1 1
github.com/adrianolaselva/dataql/pkg/exportdata/jsonl/export.go:95.58,97.17 2 1
github.com/adrianolaselva/dataql/pkg/exportdata/jsonl/export.go:97.17,99.4 1 0
github.com/adrianolaselva/dataql/pkg/exportdata/jsonl/export.go:102.2,102.77 1 1
github.com/adrianolaselva/dataql/pkg/exportdata/jsonl/export.go:102.77,104.3 1 0
github.com/adrianolaselva/dataql/pkg/exportdata/jsonl/export.go:106.2,107.16 2 1
github.com/adrianolaselva/dataql/pkg/exportdata/jsonl/export.go:107.16,109.3 1 0
github.com/adrianolaselva/dataql/pkg/exportdata/jsonl/export.go:111.2,113.12 2 1
github.com/adrianolaselva/dataql/pkg/exportdata/jsonl/export.go:117.43,119.16 2 1
github.com/adrianolaselva/dataql/pkg/exportdata/jsonl/export.go:119.16,121.3 1 0
github.com/adrianolaselva/dataql/pkg/exportdata/jsonl/export.go:123.2,125.12 2 1
github.com/adrianolaselva/dataql/pkg/filehandler/csv/csvhandler.go:41.171,43.2 1 1
github.com/adrianolaselva/dataql/pkg/filehandler/csv/csvhandler.go:46.37,47.38 1 1
github.com/adrianolaselva/dataql/pkg/filehandler/csv/csvhandler.go:47.38,49.3 1 1
github.com/adrianolaselva/dataql/pkg/filehandler/csv/csvhandler.go:52.2,52.43 1 1
github.com/adrianolaselva/dataql/pkg/filehandler/csv/csvhandler.go:52.43,54.3 1 0
github.com/adrianolaselva/dataql/pkg/filehandler/csv/csvhandler.go:56.2,56.53 1 1
github.com/adrianolaselva/dataql/pkg/filehandler/csv/csvhandler.go:56.53,58.3 1 1
github.com/adrianolaselva/dataql/pkg/filehandler/csv/csvhandler.go:61.2,61.41 1 1
github.com/adrianolaselva/dataql/pkg/filehandler/csv/csvhandler.go:61.41,63.3 1 0
github.com/adrianolaselva/dataql/pkg/filehandler/csv/csvhandler.go:65.2,65.12 1 1
github.com/adrianolaselva/dataql/pkg/filehandler/csv/csvhandler.go:69.45,74.36 4 1
github.com/adrianolaselva/dataql/pkg/filehandler/csv/csvhandler.go:74.36,76.28 2 1
github.com/adrianolaselva/dataql/pkg/filehandler/csv/csvhandler.go:76.28,79.18 3 1
github.com/adrianolaselva/dataql/pkg/filehandler/csv/csvhandler.go:79.18,82.5 2 0
github.com/adrianolaselva/dataql/pkg/filehandler/csv/csvhandler.go:83.4,83.22 1 1
github.com/adrianolaselva/dataql/pkg/filehandler/csv/csvhandler.go:87.2,92.27 4 1
github.com/adrianolaselva/dataql/pkg/filehandler/csv/csvhandler.go:92.27,93.17 1 0
github.com/adrianolaselva/dataql/pkg/filehandler/csv/csvhandler.go:93.17,95.4 1 0
github.com/adrianolaselva/dataql/pkg/filehandler/csv/csvhandler.go:99.2,100.31 2 1
github.com/adrianolaselva/dataql/pkg/filehandler/csv/csvhandler.go:100.31,102.3 1 1
github.com/adrianolaselva/dataql/pkg/filehandler/csv/csvhandler.go:104.2,104.12 1 1
github.com/adrianolaselva/dataql/pkg/filehandler/csv/csvhandler.go:108.67,110.16 2 1
github.com/adrianolaselva/dataql/pkg/filehandler/csv/csvhandler.go:110.16,112.3 1 0
github.com/adrianolaselva/dataql/pkg/filehandler/csv/csvhandler.go:113.2,113.25 1 1
github.com/adrianolaselva/dataql/pkg/filehandler/csv/csvhandler.go:113.25,115.3 1 1
github.com/adrianolaselva/dataql/pkg/filehandler/csv/csvhandler.go:117.2,121.6 4 1
github.com/adrianolaselva/dataql/pkg/filehandler/csv/csvhandler.go:121.6,125.10 3 1
github.com/adrianolaselva/dataql/pkg/filehandler/csv/csvhandler.go:126.22,127.21 1 1
github.com/adrianolaselva/dataql/pkg/filehandler/csv/csvhandler.go:128.19,129.57 1 0
github.com/adrianolaselva/dataql/pkg/filehandler/csv/csvhandler.go:135.43,139.31 3 1
github.com/adrianolaselva/dataql/pkg/filehandler/csv/csvhandler.go:139.31,142.35 3 1
github.com/adrianolaselva/dataql/pkg/filehandler/csv/csvhandler.go:142.35,144.53 2 1
github.com/adrianolaselva/dataql/pkg/filehandler/csv/csvhandler.go:144.53,146.5 1 0
github.com/adrianolaselva/dataql/pkg/filehandler/csv/csvhandler.go:150.2,154.27 3 1
github.com/adrianolaselva/dataql/pkg/filehandler/csv/csvhandler.go:154.27,155.17 1 0
github.com/adrianolaselva/dataql/pkg/filehandler/csv/csvhandler.go:155.17,157.4 1 0
github.com/adrianolaselva/dataql/pkg/filehandler/csv/csvhandler.go:160.2,160.12 1 1
github.com/adrianolaselva/dataql/pkg/filehandler/csv/csvhandler.go:165.60,166.24 1 1
github.com/adrianolaselva/dataql/pkg/filehandler/csv/csvhandler.go:166.24,169.3 2 1
github.com/adrianolaselva/dataql/pkg/filehandler/csv/csvhandler.go:170.2,172.61 3 1
github.com/adrianolaselva/dataql/pkg/filehandler/csv/csvhandler.go:176.59,178.16 2 0
github.com/adrianolaselva/dataql/pkg/filehandler/csv/csvhandler.go:178.16,180.3 1 0
github.com/adrianolaselva/dataql/pkg/filehandler/csv/csvhandler.go:182.2,182.18 1 0
github.com/adrianolaselva/dataql/pkg/filehandler/csv/csvhandler.go:186.34,188.2 1 1
github.com/adrianolaselva/dataql/pkg/filehandler/csv/csvhandler.go:191.36,192.38 1 1
github.com/adrianolaselva/dataql/pkg/filehandler/csv/csvhandler.go:192.38,194.3 1 1
github.com/adrianolaselva/dataql/pkg/filehandler/csv/csvhandler.go:196.2,196.31 1 1
github.com/adrianolaselva/dataql/pkg/filehandler/csv/csvhandler.go:196.31,197.30 1 1
github.com/adrianolaselva/dataql/pkg/filehandler/csv/csvhandler.go:197.30,199.4 1 1
github.com/adrianolaselva/dataql/pkg/filehandler/csv/csvhandler.go:202.2,202.12 1 1
github.com/adrianolaselva/dataql/pkg/filehandler/csv/csvhandler.go:206.78,216.16 7 1
github.com/adrianolaselva/dataql/pkg/filehandler/csv/csvhandler.go:216.16,218.3 1 0
github.com/adrianolaselva/dataql/pkg/filehandler/csv/csvhandler.go:220.2,221.6 2 1
github.com/adrianolaselva/dataql/pkg/filehandler/csv/csvhandler.go:221.6,223.29 2 1
github.com/adrianolaselva/dataql/pkg/filehandler/csv/csvhandler.go:223.29,224.9 1 1
github.com/adrianolaselva/dataql/pkg/filehandler/csv/csvhandler.go:227.3,227.17 1 1
github.com/adrianolaselva/dataql/pkg/filehandler/csv/csvhandler.go:227.17,229.4 1 0
github.com/adrianolaselva/dataql/pkg/filehandler/csv/csvhandler.go:232.2,232.12 1 1
github.com/adrianolaselva/dataql/pkg/filehandler/csv/csvhandler.go:236.84,238.16 2 1
github.com/adrianolaselva/dataql/pkg/filehandler/csv/csvhandler.go:238.16,240.3 1 0
github.com/adrianolaselva/dataql/pkg/filehandler/csv/csvhandler.go:242.2,242.69 1 1
github.com/adrianolaselva/dataql/pkg/filehandler/csv/csvhandler.go:242.69,244.3 1 0
github.com/adrianolaselva/dataql/pkg/filehandler/csv/csvhandler.go:246.2,246.21 1 1
github.com/adrianolaselva/dataql/pkg/filehandler/csv/csvhandler.go:250.88,252.16 2 1
github.com/adrianolaselva/dataql/pkg/filehandler/csv/csvhandler.go:252.16,254.3 1 1
github.com/adrianolaselva/dataql/pkg/filehandler/csv/csvhandler.go:256.2,256.35 1 1
github.com/adrianolaselva/dataql/pkg/filehandler/csv/csvhandler.go:256.35,258.3 1 1
github.com/adrianolaselva/dataql/pkg/filehandler/csv/csvhandler.go:260.2,263.94 3 1
github.com/adrianolaselva/dataql/pkg/filehandler/csv/csvhandler.go:263.94,265.3 1 0
github.com/adrianolaselva/dataql/pkg/filehandler/csv/csvhandler.go:267.2,267.12 1 1
github.com/adrianolaselva/dataql/pkg/filehandler/csv/csvhandler.go:271.64,273.28 2 1
github.com/adrianolaselva/dataql/pkg/filehandler/csv/csvhandler.go:273.28,275.3 1 1
github.com/adrianolaselva/dataql/pkg/filehandler/csv/csvhandler.go:277.2,277.15 1 1
github.com/adrianolaselva/dataql/pkg/filehandler/csv/csvhandler.go:281.40,286.40 4 1
github.com/adrianolaselva/dataql/pkg/filehandler/csv/csvhandler.go:286.40,288.22 2 1
github.com/adrianolaselva/dataql/pkg/filehandler/csv/csvhandler.go:288.22,292.18 3 1
github.com/adrianolaselva/dataql/pkg/filehandler/csv/csvhandler.go:292.18,295.5 2 1
github.com/adrianolaselva/dataql/pkg/filehandler/csv/csvhandler.go:297.4,299.15 3 1
github.com/adrianolaselva/dataql/pkg/filehandler/csv/csvhandler.go:303.2,307.27 3 1
github.com/adrianolaselva/dataql/pkg/filehandler/csv/csvhandler.go:307.27,308.17 1 1
github.com/adrianolaselva/dataql/pkg/filehandler/csv/csvhandler.go:308.17,310.4 1 1
github.com/adrianolaselva/dataql/pkg/filehandler/csv/csvhandler.go:313.2,313.12 1 1
github.com/adrianolaselva/dataql/pkg/filehandler/csv/csvhandler.go:317.55,319.16 2 0
github.com/adrianolaselva/dataql/pkg/filehandler/csv/csvhandler.go:319.16,321.3 1 0
github.com/adrianolaselva/dataql/pkg/filehandler/csv/csvhandler.go:323.2,327.12 4 0
github.com/adrianolaselva/dataql/pkg/storage/sqlite/storage.go:24.67,25.22 1 1
github.com/adrianolaselva/dataql/pkg/storage/sqlite/storage.go:25.22,27.3 1 0
github.com/adrianolaselva/dataql/pkg/storage/sqlite/storage.go:29.2,30.16 2 1
github.com/adrianolaselva/dataql/pkg/storage/sqlite/storage.go:30.16,32.3 1 0
github.com/adrianolaselva/dataql/pkg/storage/sqlite/storage.go:34.2,34.36 1 1
github.com/adrianolaselva/dataql/pkg/storage/sqlite/storage.go:38.82,41.28 2 1
github.com/adrianolaselva/dataql/pkg/storage/sqlite/storage.go:41.28,43.3 1 1
github.com/adrianolaselva/dataql/pkg/storage/sqlite/storage.go:45.2,45.28 1 1
github.com/adrianolaselva/dataql/pkg/storage/sqlite/storage.go:45.28,47.25 2 1
github.com/adrianolaselva/dataql/pkg/storage/sqlite/storage.go:47.25,49.4 1 1
github.com/adrianolaselva/dataql/pkg/storage/sqlite/storage.go:52.2,53.44 2 1
github.com/adrianolaselva/dataql/pkg/storage/sqlite/storage.go:53.44,55.3 1 0
github.com/adrianolaselva/dataql/pkg/storage/sqlite/storage.go:57.2,57.62 1 1
github.com/adrianolaselva/dataql/pkg/storage/sqlite/storage.go:57.62,59.3 1 0
github.com/adrianolaselva/dataql/pkg/storage/sqlite/storage.go:61.2,62.115 2 1
github.com/adrianolaselva/dataql/pkg/storage/sqlite/storage.go:62.115,64.3 1 0
github.com/adrianolaselva/dataql/pkg/storage/sqlite/storage.go:66.2,66.12 1 1
github.com/adrianolaselva/dataql/pkg/storage/sqlite/storage.go:70.91,75.55 4 1
github.com/adrianolaselva/dataql/pkg/storage/sqlite/storage.go:75.55,77.3 1 0
github.com/adrianolaselva/dataql/pkg/storage/sqlite/storage.go:79.2,79.12 1 1
github.com/adrianolaselva/dataql/pkg/storage/sqlite/storage.go:83.62,85.16 2 1
github.com/adrianolaselva/dataql/pkg/storage/sqlite/storage.go:85.16,87.3 1 0
github.com/adrianolaselva/dataql/pkg/storage/sqlite/storage.go:89.2,89.18 1 1
github.com/adrianolaselva/dataql/pkg/storage/sqlite/storage.go:92.57,94.16 2 0
github.com/adrianolaselva/dataql/pkg/storage/sqlite/storage.go:94.16,96.3 1 0
github.com/adrianolaselva/dataql/pkg/storage/sqlite/storage.go:98.2,98.18 1 0
github.com/adrianolaselva/dataql/pkg/storage/sqlite/storage.go:102.39,104.16 2 1
github.com/adrianolaselva/dataql/pkg/storage/sqlite/storage.go:104.16,106.3 1 0
github.com/adrianolaselva/dataql/pkg/storage/sqlite/storage.go:108.2,108.12 1 1
